<?xml version="1.0" encoding="UTF-8"?>
<!-- Generated by org.testng.reporters.JUnitReportReporter -->
<testsuite skipped="0" hostname="W2464520NGMD1" name="Testcases.LoginApplication" tests="1" failures="0" timestamp="2020-08-12T22:49:42 IST" time="15.103" errors="0">
  <testcase name="Login" time="15.103" classname="Testcases.LoginApplication"/>
  <system-out/>
</testsuite> <!-- Testcases.LoginApplication -->
